2025-02-10 17:46:50.780 | INFO     | Core.Chunk.DocChunk:build_chunks:27 - Starting chunk the given documents
2025-02-10 17:46:51.341 | INFO     | Core.Storage.ChunkKVStorage:_persist:105 - Writing data into /home/yaodong/codes/GNNRAG/GraphRAG/multihop-rag/kg_graph/chunk_storage_chunk_data_idx.pkl and /home/yaodong/codes/GNNRAG/GraphRAG/multihop-rag/kg_graph/chunk_storage_chunk_data_key.pkl
2025-02-10 17:46:51.414 | INFO     | Core.Chunk.DocChunk:build_chunks:74 - ✅ Finished the chunking stage
2025-02-10 17:46:51.431 | INFO     | Core.GraphRAG:_update_costs_info:216 - Chunking stage cost: Total prompt token: 0, Total completeion token: 0, Total cost: 0
2025-02-10 17:46:51.431 | INFO     | Core.GraphRAG:_update_costs_info:218 - Chunking time(s): 0.65
2025-02-10 17:46:51.431 | INFO     | Core.Graph.BaseGraph:build_graph:41 - Starting build graph for the given documents
2025-02-10 17:46:51.431 | INFO     | Core.Storage.NetworkXStorage:load_nx_graph:27 - Attempting to load the graph from: /home/yaodong/codes/GNNRAG/GraphRAG/multihop-rag/kg_graph/graph_storage_nx_data.graphml
2025-02-10 17:46:52.865 | INFO     | Core.Storage.NetworkXStorage:load_nx_graph:31 - Successfully loaded graph from: /home/yaodong/codes/GNNRAG/GraphRAG/multihop-rag/kg_graph/graph_storage_nx_data.graphml with 14767 nodes and 7102 edges
2025-02-10 17:46:52.865 | INFO     | Core.Graph.BaseGraph:build_graph:50 - ✅ Finished the graph building stage
2025-02-10 17:46:52.865 | INFO     | Core.GraphRAG:_update_costs_info:216 - Build Graph stage cost: Total prompt token: 0, Total completeion token: 0, Total cost: 0
2025-02-10 17:46:52.865 | INFO     | Core.GraphRAG:_update_costs_info:218 - Build Graph time(s): 1.43
2025-02-10 17:46:52.989 | INFO     | Core.Index.BaseIndex:build_index:13 - Starting insert elements of the given graph into vector database
2025-02-10 17:46:52.989 | INFO     | Core.Index.BaseIndex:build_index:17 - Loading index from the file /home/yaodong/codes/GNNRAG/GraphRAG/multihop-rag/kg_graph/entities_vdb
2025-02-10 17:46:53.383 | INFO     | Core.Index.BaseIndex:build_index:29 - ✅ Finished starting insert entities of the given graph into vector database
2025-02-10 17:46:54.066 | INFO     | Core.Community.BaseCommunity:cluster:46 - Starting build community of the given graph
2025-02-10 17:46:54.080 | INFO     | Core.Storage.JsonKVStorage:load:33 - Load KV /home/yaodong/codes/GNNRAG/GraphRAG/multihop-rag/kg_graph/community_storage_community_node_map.json with 3809 data
2025-02-10 17:46:54.081 | INFO     | Core.Community.LeidenCommunity:_load_cluster_map:282 - ✅ Successfully loaded community <-> node map.
2025-02-10 17:46:54.084 | INFO     | Core.Community.BaseCommunity:generate_community_report:26 - Generating community report...
2025-02-10 17:46:54.125 | INFO     | Core.Storage.JsonKVStorage:load:33 - Load KV /home/yaodong/codes/GNNRAG/GraphRAG/multihop-rag/kg_graph/community_storage_community_report.json with 911 data
2025-02-10 17:46:54.242 | INFO     | Core.Community.LeidenCommunity:_load_community_report:266 - Successfully loaded community report.
2025-02-10 17:46:54.242 | INFO     | Core.Community.BaseCommunity:generate_community_report:34 - ✅ [Community Report]  Finished
2025-02-10 17:46:54.243 | INFO     | Core.Graph.BaseGraph:build_graph:41 - Starting build graph for the given documents
2025-02-10 17:46:54.243 | INFO     | Core.Storage.NetworkXStorage:load_nx_graph:27 - Attempting to load the graph from: /home/yaodong/codes/GNNRAG/GraphRAG/multihop-rag/kg_graph/graph2nd_storage_nx_data.graphml
2025-02-10 17:46:54.602 | INFO     | Core.Storage.NetworkXStorage:load_nx_graph:31 - Successfully loaded graph from: /home/yaodong/codes/GNNRAG/GraphRAG/multihop-rag/kg_graph/graph2nd_storage_nx_data.graphml with 2569 nodes and 13578 edges
2025-02-10 17:46:54.603 | INFO     | Core.Graph.BaseGraph:build_graph:50 - ✅ Finished the graph building stage
2025-02-10 17:46:54.603 | INFO     | Core.GraphRAG:_update_costs_info:216 - Build 2nd Graph stage cost: Total prompt token: 0, Total completeion token: 0, Total cost: 0
2025-02-10 17:46:54.603 | INFO     | Core.GraphRAG:_update_costs_info:218 - Build 2nd Graph time(s): 1.74
2025-02-10 17:47:01.919 | INFO     | Core.GraphRAG:_update_costs_info:216 - Index Building stage cost: Total prompt token: 0, Total completeion token: 0, Total cost: 0
2025-02-10 17:47:01.920 | INFO     | Core.GraphRAG:_update_costs_info:218 - Index Building time(s): 7.32
2025-02-10 17:47:01.920 | INFO     | Core.GraphRAG:_build_retriever_context:187 - Building retriever context for the current execution
